Crashlog created at 2015-05-10 07:19:47 -0500

===== MESSAGE:

LoadError: cannot load such file -- nokogiri
Install the 'nokogiri' gem using `gem install nokogiri`.

===== COMPILATION STACK:

  - [item]   / (rep default)

===== STACK TRACE:

  0. /Users/johnglenn/.rvm/rubies/ruby-2.2.1/lib/ruby/site_ruby/2.2.0/rubygems/core_ext/kernel_require.rb:54:in `require'
  1. /Users/johnglenn/.rvm/rubies/ruby-2.2.1/lib/ruby/site_ruby/2.2.0/rubygems/core_ext/kernel_require.rb:54:in `require'
  2. /Users/johnglenn/.rvm/gems/ruby-2.2.1/gems/nanoc-3.8.0/lib/nanoc/filters/relativize_paths.rb:47:in `run'
  3. /Users/johnglenn/.rvm/gems/ruby-2.2.1/gems/nanoc-3.8.0/lib/nanoc/base/compilation/filter.rb:117:in `setup_and_run'
  4. /Users/johnglenn/.rvm/gems/ruby-2.2.1/gems/nanoc-3.8.0/lib/nanoc/base/result_data/item_rep.rb:343:in `filter'
  5. /Users/johnglenn/.rvm/gems/ruby-2.2.1/gems/nanoc-3.8.0/lib/nanoc/base/compilation/item_rep_proxy.rb:45:in `filter'
  6. /Users/johnglenn/.rvm/gems/ruby-2.2.1/gems/nanoc-3.8.0/lib/nanoc/base/compilation/rule_context.rb:59:in `filter'
  7. /Users/johnglenn/Documents/python/hab_site/Rules:25:in `block in parse'
  8. /Users/johnglenn/.rvm/gems/ruby-2.2.1/gems/nanoc-3.8.0/lib/nanoc/base/compilation/rule.rb:69:in `instance_exec'
  9. /Users/johnglenn/.rvm/gems/ruby-2.2.1/gems/nanoc-3.8.0/lib/nanoc/base/compilation/rule.rb:69:in `apply_to'
  10. /Users/johnglenn/.rvm/gems/ruby-2.2.1/gems/nanoc-3.8.0/lib/nanoc/base/compilation/compiler.rb:385:in `compile_rep'
  11. /Users/johnglenn/.rvm/gems/ruby-2.2.1/gems/nanoc-3.8.0/lib/nanoc/base/compilation/compiler.rb:341:in `block in compile_reps'
  12. /Users/johnglenn/.rvm/gems/ruby-2.2.1/gems/nanoc-3.8.0/lib/nanoc/base/compilation/compiler.rb:334:in `loop'
  13. /Users/johnglenn/.rvm/gems/ruby-2.2.1/gems/nanoc-3.8.0/lib/nanoc/base/compilation/compiler.rb:334:in `compile_reps'
  14. /Users/johnglenn/.rvm/gems/ruby-2.2.1/gems/nanoc-3.8.0/lib/nanoc/base/compilation/compiler.rb:87:in `run'
  15. /Users/johnglenn/.rvm/gems/ruby-2.2.1/gems/nanoc-3.8.0/lib/nanoc/base/source_data/site.rb:58:in `compile'
  16. /Users/johnglenn/.rvm/gems/ruby-2.2.1/gems/nanoc-3.8.0/lib/nanoc/cli/commands/compile.rb:383:in `block in run'
  17. /Users/johnglenn/.rvm/gems/ruby-2.2.1/gems/nanoc-3.8.0/lib/nanoc/cli/commands/compile.rb:425:in `run_listeners_while'
  18. /Users/johnglenn/.rvm/gems/ruby-2.2.1/gems/nanoc-3.8.0/lib/nanoc/cli/commands/compile.rb:382:in `run'
  19. /Users/johnglenn/.rvm/gems/ruby-2.2.1/gems/nanoc-3.8.0/lib/nanoc/cli/command_runner.rb:12:in `block in call'
  20. /Users/johnglenn/.rvm/gems/ruby-2.2.1/gems/nanoc-3.8.0/lib/nanoc/cli/error_handler.rb:72:in `handle_while'
  21. /Users/johnglenn/.rvm/gems/ruby-2.2.1/gems/nanoc-3.8.0/lib/nanoc/cli/error_handler.rb:24:in `handle_while'
  22. /Users/johnglenn/.rvm/gems/ruby-2.2.1/gems/nanoc-3.8.0/lib/nanoc/cli/command_runner.rb:11:in `call'
  23. /Users/johnglenn/.rvm/gems/ruby-2.2.1/gems/cri-2.7.0/lib/cri/command_dsl.rb:233:in `block in runner'
  24. /Users/johnglenn/.rvm/gems/ruby-2.2.1/gems/cri-2.7.0/lib/cri/command.rb:294:in `call'
  25. /Users/johnglenn/.rvm/gems/ruby-2.2.1/gems/cri-2.7.0/lib/cri/command.rb:294:in `run_this'
  26. /Users/johnglenn/.rvm/gems/ruby-2.2.1/gems/cri-2.7.0/lib/cri/command.rb:247:in `run'
  27. /Users/johnglenn/.rvm/gems/ruby-2.2.1/gems/nanoc-3.8.0/lib/nanoc/cli/commands/nanoc.rb:39:in `block in define'
  28. /Users/johnglenn/.rvm/gems/ruby-2.2.1/gems/cri-2.7.0/lib/cri/command.rb:294:in `call'
  29. /Users/johnglenn/.rvm/gems/ruby-2.2.1/gems/cri-2.7.0/lib/cri/command.rb:294:in `run_this'
  30. /Users/johnglenn/.rvm/gems/ruby-2.2.1/gems/cri-2.7.0/lib/cri/command.rb:247:in `run'
  31. /Users/johnglenn/.rvm/gems/ruby-2.2.1/gems/nanoc-3.8.0/lib/nanoc/cli.rb:58:in `block in run'
  32. /Users/johnglenn/.rvm/gems/ruby-2.2.1/gems/nanoc-3.8.0/lib/nanoc/cli/error_handler.rb:72:in `handle_while'
  33. /Users/johnglenn/.rvm/gems/ruby-2.2.1/gems/nanoc-3.8.0/lib/nanoc/cli/error_handler.rb:24:in `handle_while'
  34. /Users/johnglenn/.rvm/gems/ruby-2.2.1/gems/nanoc-3.8.0/lib/nanoc/cli.rb:56:in `run'
  35. /Users/johnglenn/.rvm/gems/ruby-2.2.1/gems/nanoc-3.8.0/bin/nanoc:25:in `<top (required)>'
  36. /Users/johnglenn/.rvm/gems/ruby-2.2.1/bin/nanoc:23:in `load'
  37. /Users/johnglenn/.rvm/gems/ruby-2.2.1/bin/nanoc:23:in `<main>'
  38. /Users/johnglenn/.rvm/gems/ruby-2.2.1/bin/ruby_executable_hooks:15:in `eval'

===== VERSION INFORMATION:

nanoc 3.8.0 © 2007-2015 Denis Defreyne.
Running ruby 2.2.1 (2015-02-26) on x86_64-darwin14 with RubyGems 2.4.6.

===== SYSTEM INFORMATION:

Darwin Johns-MacBook-Air.local 13.4.0 Darwin Kernel Version 13.4.0: Sun Aug 17 19:50:11 PDT 2014; root:xnu-2422.115.4~1/RELEASE_X86_64 x86_64

===== INSTALLED GEMS:

  actionmailer 4.1.10
  actionpack 4.1.10
  actionview 4.1.10
  activemodel 4.1.10
  activerecord 4.1.10
  activesupport 4.1.10
  addressable 2.3.8
  adsf 1.2.0
  arel 5.0.1.20140414130214
  bark 0.1.0
  berkshelf 3.2.3
  berkshelf-api-client 1.2.1
  bigdecimal 1.2.6
  buff-config 1.0.1
  buff-extensions 1.0.0
  buff-ignore 1.1.1
  buff-ruby_engine 0.1.0
  buff-shell_out 0.2.0
  builder 3.2.2
  bundler 1.9.2
  bundler-unload 1.0.2
  celluloid 0.16.0
  celluloid-io 0.16.2
  chef 12.2.1
  chef-zero 4.2.1
  cleanroom 1.0.0
  coderay 1.1.0
  coffee-rails 4.0.1
  coffee-script 2.3.0
  coffee-script-source 1.9.1
  colored 1.2
  cri 2.7.0
  dep-selector-libgecode 1.0.2
  dep_selector 1.0.3
  depth 0.1.0
  diff-lcs 1.2.5
  dog 0.1.0
  erubis 2.7.0
  execjs 2.4.0
  executable-hooks 1.3.2
  faraday 0.9.1
  ffi 1.9.8
  ffi-yajl 2.0.0
  gem-wrappers 1.2.7
  hashie 2.1.2
  highline 1.7.1
  hike 1.2.3
  hitimes 1.2.2
  i18n 0.7.0
  io-console 0.4.3
  ipaddress 0.8.0
  jbuilder 2.2.12
  jquery-rails 3.1.2
  json 1.8.1, 1.8.2
  libyajl2 1.2.0
  mail 2.6.3
  method_source 0.8.2
  mime-types 2.4.3
  minitar 0.5.4
  minitest 5.5.1
  mixlib-authentication 1.3.0
  mixlib-cli 1.5.0
  mixlib-config 2.1.0
  mixlib-log 1.6.0
  mixlib-shellout 2.0.1
  multi_json 1.11.0
  multipart-post 2.0.0
  nanoc 3.8.0
  net-http-persistent 2.9.4
  net-scp 1.2.1
  net-ssh 2.9.2
  net-ssh-gateway 1.2.0
  net-ssh-multi 1.2.1
  nio4r 1.1.0
  octokit 3.8.0
  ohai 8.2.0
  plist 3.1.0
  pry 0.10.1
  psych 2.0.8
  rack 1.5.2
  rack-test 0.6.3
  rails 4.1.10
  railties 4.1.10
  rake 10.4.2
  rdoc 4.2.0
  retryable 2.0.1
  ridley 4.1.2
  rspec 3.2.0
  rspec-core 3.2.2
  rspec-expectations 3.2.0
  rspec-its 1.2.0
  rspec-mocks 3.2.1
  rspec-support 3.2.2
  rspec_junit_formatter 0.2.0
  rubygems-bundler 1.4.4
  rvm 1.11.3.9
  sass 3.2.19
  sass-rails 4.0.5
  sawyer 0.6.0
  sdoc 0.4.1
  semverse 1.2.1
  serverspec 2.14.1
  slop 3.6.0
  solve 1.2.1
  specinfra 2.28.4
  spring 1.3.3
  sprockets 2.12.3
  sprockets-rails 2.2.4
  sqlite3 1.3.10
  systemu 2.6.5
  thor 0.19.1
  thread_safe 0.3.5
  tilt 1.4.1
  timers 4.0.1
  turbolinks 2.5.3
  tzinfo 1.2.2
  uglifier 2.7.1
  uuidtools 2.1.5
  varia_model 0.4.0
  wmi-lite 1.0.0

===== ENVIRONMENT:

Apple_PubSub_Socket_Render => "/tmp/launch-EwmY4Q/Render"
DISPLAY => "/tmp/launch-ydFBR6/org.macosforge.xquartz:0"
GEM_HOME => "/Users/johnglenn/.rvm/gems/ruby-2.2.1"
GEM_PATH => "/Users/johnglenn/.rvm/gems/ruby-2.2.1:/Users/johnglenn/.rvm/gems/ruby-2.2.1@global"
HOME => "/Users/johnglenn"
IRBRC => "/Users/johnglenn/.rvm/rubies/ruby-2.2.1/.irbrc"
LANG => "en_US.UTF-8"
LOGNAME => "johnglenn"
MY_RUBY_HOME => "/Users/johnglenn/.rvm/rubies/ruby-2.2.1"
OLDPWD => "/Users/johnglenn/Documents/python/hab_site/output"
PATH => "/Users/johnglenn/.rvm/gems/ruby-2.2.1/bin:/Users/johnglenn/.rvm/gems/ruby-2.2.1@global/bin:/Users/johnglenn/.rvm/rubies/ruby-2.2.1/bin:/usr/bin:/bin:/usr/sbin:/sbin:/usr/local/bin:/opt/X11/bin:/Users/johnglenn/.rvm/bin"
PWD => "/Users/johnglenn/Documents/python/hab_site"
RUBY_VERSION => "ruby-2.2.1"
SHELL => "/bin/bash"
SHLVL => "1"
SSH_AUTH_SOCK => "/tmp/launch-PWAdma/Listeners"
TERM => "xterm-256color"
TERM_PROGRAM => "Apple_Terminal"
TERM_PROGRAM_VERSION => "326"
TERM_SESSION_ID => "7763E4A8-86C0-4ECE-8536-B55FE6600175"
TMPDIR => "/var/folders/2s/67nlq9g54891fbhb327gbxcw0000gn/T/"
USER => "johnglenn"
_ => "/Users/johnglenn/.rvm/gems/ruby-2.2.1/bin/nanoc"
_ORIGINAL_GEM_PATH => "/Users/johnglenn/.rvm/gems/ruby-2.2.1:/Users/johnglenn/.rvm/gems/ruby-2.2.1@global"
__CF_USER_TEXT_ENCODING => "0x1F5:0:0"
__CHECKFIX1436934 => "1"
_system_arch => "x86_64"
_system_name => "OSX"
_system_type => "Darwin"
_system_version => "10.9"
rvm_bin_path => "/Users/johnglenn/.rvm/bin"
rvm_path => "/Users/johnglenn/.rvm"
rvm_prefix => "/Users/johnglenn"
rvm_version => "1.26.11 (latest)"

===== LOAD PATHS:

  0. /Users/johnglenn/.rvm/gems/ruby-2.2.1/gems/nanoc-3.8.0/lib
  1. /Users/johnglenn/.rvm/gems/ruby-2.2.1@global/gems/executable-hooks-1.3.2/lib
  2. /Users/johnglenn/.rvm/gems/ruby-2.2.1@global/extensions/x86_64-darwin-14/2.2.0-static/executable-hooks-1.3.2
  3. /Users/johnglenn/.rvm/gems/ruby-2.2.1@global/gems/bundler-unload-1.0.2/lib
  4. /Users/johnglenn/.rvm/gems/ruby-2.2.1@global/gems/rubygems-bundler-1.4.4/lib
  5. /Users/johnglenn/.rvm/gems/ruby-2.2.1/gems/bundler-1.9.2/lib
  6. /Users/johnglenn/.rvm/gems/ruby-2.2.1/gems/colored-1.2/lib
  7. /Users/johnglenn/.rvm/gems/ruby-2.2.1/gems/cri-2.7.0/lib
  8. /Users/johnglenn/.rvm/gems/ruby-2.2.1/gems/nanoc-3.8.0/lib
  9. /Users/johnglenn/.rvm/rubies/ruby-2.2.1/lib/ruby/site_ruby/2.2.0
  10. /Users/johnglenn/.rvm/rubies/ruby-2.2.1/lib/ruby/site_ruby/2.2.0/x86_64-darwin14
  11. /Users/johnglenn/.rvm/rubies/ruby-2.2.1/lib/ruby/site_ruby
  12. /Users/johnglenn/.rvm/rubies/ruby-2.2.1/lib/ruby/vendor_ruby/2.2.0
  13. /Users/johnglenn/.rvm/rubies/ruby-2.2.1/lib/ruby/vendor_ruby/2.2.0/x86_64-darwin14
  14. /Users/johnglenn/.rvm/rubies/ruby-2.2.1/lib/ruby/vendor_ruby
  15. /Users/johnglenn/.rvm/rubies/ruby-2.2.1/lib/ruby/2.2.0
  16. /Users/johnglenn/.rvm/rubies/ruby-2.2.1/lib/ruby/2.2.0/x86_64-darwin14
